<?xml version="1.0" encoding="UTF-8"?>
<testsuite xmlns:xsi="http://www.w3.org/2001/XMLSchema-instance" xsi:noNamespaceSchemaLocation="https://maven.apache.org/surefire/maven-surefire-plugin/xsd/surefire-test-report.xsd" version="3.0.2" name="pods.project.accountservice.AccountServiceApplicationTests" time="5.146" tests="1" errors="0" skipped="0" failures="0">
  <properties>
[...]
</properties>
  <testcase name="contextLoads" classname="pods.project.accountservice.AccountServiceApplicationTests" time="0.436">
    <system-out><![CDATA[00:43:00.176 [main] INFO org.springframework.test.context.support.AnnotationConfigContextLoaderUtils -- Could not detect default configuration classes for test class [pods.project.accountservice.AccountServiceApplicationTests]: AccountServiceApplicationTests does not declare any static, non-private, non-final, nested classes annotated with @Configuration.
00:43:00.272 [main] INFO org.springframework.boot.test.context.SpringBootTestContextBootstrapper -- Found @SpringBootConfiguration pods.project.accountservice.AccountServiceApplication for test class pods.project.accountservice.AccountServiceApplicationTests

  .   ____          _            __ _ _
 /\\ / ___'_ __ _ _(_)_ __  __ _ \ \ \ \
( ( )\___ | '_ | '_| | '_ \/ _` | \ \ \ \
 \\/  ___)| |_)| | | | | || (_| |  ) ) ) )
  '  |____| .__|_| |_|_| |_\__, | / / / /
 =========|_|==============|___/=/_/_/_/

 :: Spring Boot ::                (v3.4.2)

2025-04-02T00:43:00.632+05:30  INFO 2207604 --- [account-service] [           main] p.p.a.AccountServiceApplicationTests     : Starting AccountServiceApplicationTests using Java 21.0.6 with PID 2207604 (started by akash in /home/akash/Desktop/PODS-P2/account-service)
2025-04-02T00:43:00.633+05:30  INFO 2207604 --- [account-service] [           main] p.p.a.AccountServiceApplicationTests     : No active profile set, falling back to 1 default profile: "default"
2025-04-02T00:43:01.113+05:30  INFO 2207604 --- [account-service] [           main] .s.d.r.c.RepositoryConfigurationDelegate : Bootstrapping Spring Data JPA repositories in DEFAULT mode.
2025-04-02T00:43:01.158+05:30  INFO 2207604 --- [account-service] [           main] .s.d.r.c.RepositoryConfigurationDelegate : Finished Spring Data repository scanning in 37 ms. Found 1 JPA repository interface.
2025-04-02T00:43:02.184+05:30  INFO 2207604 --- [account-service] [           main] o.s.o.j.p.SpringPersistenceUnitInfo      : No LoadTimeWeaver setup: ignoring JPA class transformer
2025-04-02T00:43:02.216+05:30  INFO 2207604 --- [account-service] [           main] com.zaxxer.hikari.HikariDataSource       : HikariPool-1 - Starting...
2025-04-02T00:43:02.435+05:30  INFO 2207604 --- [account-service] [           main] com.zaxxer.hikari.pool.HikariPool        : HikariPool-1 - Added connection conn0: url=jdbc:h2:file:./data/mydb user=SA
2025-04-02T00:43:02.437+05:30  INFO 2207604 --- [account-service] [           main] com.zaxxer.hikari.HikariDataSource       : HikariPool-1 - Start completed.
Hibernate: drop table if exists account cascade 
Hibernate: create table account (discount_availed boolean not null, id integer not null, email varchar(255) unique, name varchar(255), primary key (id))
2025-04-02T00:43:03.182+05:30  INFO 2207604 --- [account-service] [           main] j.LocalContainerEntityManagerFactoryBean : Initialized JPA EntityManagerFactory for persistence unit 'default'
2025-04-02T00:43:03.470+05:30  INFO 2207604 --- [account-service] [           main] o.s.d.j.r.query.QueryEnhancerFactory     : Hibernate is in classpath; If applicable, HQL parser will be used.
2025-04-02T00:43:04.378+05:30  WARN 2207604 --- [account-service] [           main] JpaBaseConfiguration$JpaWebConfiguration : spring.jpa.open-in-view is enabled by default. Therefore, database queries may be performed during view rendering. Explicitly configure spring.jpa.open-in-view to disable this warning
2025-04-02T00:43:04.656+05:30  INFO 2207604 --- [account-service] [           main] o.s.b.a.h2.H2ConsoleAutoConfiguration    : H2 console available at '/h2-console'. Database available at 'jdbc:h2:file:./data/mydb'
2025-04-02T00:43:04.725+05:30  INFO 2207604 --- [account-service] [           main] p.p.a.AccountServiceApplicationTests     : Started AccountServiceApplicationTests in 4.347 seconds (process running for 5.073)
]]></system-out>
    <system-err><![CDATA[Mockito is currently self-attaching to enable the inline-mock-maker. This will no longer work in future releases of the JDK. Please add Mockito as an agent to your build what is described in Mockito's documentation: https://javadoc.io/doc/org.mockito/mockito-core/latest/org/mockito/Mockito.html#0.3
WARNING: A Java agent has been loaded dynamically (/home/akash/.m2/repository/net/bytebuddy/byte-buddy-agent/1.15.11/byte-buddy-agent-1.15.11.jar)
WARNING: If a serviceability tool is in use, please run with -XX:+EnableDynamicAgentLoading to hide this warning
WARNING: If a serviceability tool is not in use, please run with -Djdk.instrument.traceUsage for more information
WARNING: Dynamic loading of agents will be disallowed by default in a future release
]]></system-err>
  </testcase>
</testsuite>